mode: set
github.com/hikobend/corona/main.go:105.13,154.2 25 1
github.com/hikobend/corona/main.go:156.42,157.30 1 1
github.com/hikobend/corona/main.go:157.30,164.3 6 1
github.com/hikobend/corona/main.go:167.38,169.16 2 1
github.com/hikobend/corona/main.go:173.2,176.16 3 1
github.com/hikobend/corona/main.go:181.2,183.16 3 0
github.com/hikobend/corona/main.go:189.2,192.4 1 0
github.com/hikobend/corona/main.go:169.16,172.3 2 0
github.com/hikobend/corona/main.go:176.16,179.3 2 1
github.com/hikobend/corona/main.go:183.16,186.3 2 0
github.com/hikobend/corona/main.go:195.39,197.16 2 0
github.com/hikobend/corona/main.go:200.2,205.16 4 0
github.com/hikobend/corona/main.go:208.2,212.18 3 0
github.com/hikobend/corona/main.go:220.2,220.40 1 0
github.com/hikobend/corona/main.go:197.16,199.3 1 0
github.com/hikobend/corona/main.go:205.16,207.3 1 0
github.com/hikobend/corona/main.go:212.18,214.93 2 0
github.com/hikobend/corona/main.go:217.3,217.55 1 0
github.com/hikobend/corona/main.go:214.93,216.4 1 0
github.com/hikobend/corona/main.go:224.43,226.16 2 0
github.com/hikobend/corona/main.go:229.2,234.16 4 0
github.com/hikobend/corona/main.go:237.2,241.18 3 0
github.com/hikobend/corona/main.go:249.2,249.40 1 0
github.com/hikobend/corona/main.go:226.16,228.3 1 0
github.com/hikobend/corona/main.go:234.16,236.3 1 0
github.com/hikobend/corona/main.go:241.18,243.93 2 0
github.com/hikobend/corona/main.go:246.3,246.55 1 0
github.com/hikobend/corona/main.go:243.93,245.4 1 0
github.com/hikobend/corona/main.go:257.33,260.16 2 0
github.com/hikobend/corona/main.go:264.2,267.16 3 0
github.com/hikobend/corona/main.go:272.2,279.31 6 0
github.com/hikobend/corona/main.go:311.2,313.35 2 0
github.com/hikobend/corona/main.go:260.16,263.3 2 0
github.com/hikobend/corona/main.go:267.16,270.3 2 0
github.com/hikobend/corona/main.go:279.31,281.25 2 0
github.com/hikobend/corona/main.go:281.25,287.18 4 0
github.com/hikobend/corona/main.go:291.4,292.18 2 0
github.com/hikobend/corona/main.go:297.4,297.61 1 0
github.com/hikobend/corona/main.go:308.4,308.46 1 0
github.com/hikobend/corona/main.go:287.18,290.5 2 0
github.com/hikobend/corona/main.go:292.18,295.5 2 0
github.com/hikobend/corona/main.go:297.61,299.5 1 0
github.com/hikobend/corona/main.go:299.10,299.68 1 0
github.com/hikobend/corona/main.go:299.68,301.5 1 0
github.com/hikobend/corona/main.go:301.10,301.68 1 0
github.com/hikobend/corona/main.go:301.68,303.5 1 0
github.com/hikobend/corona/main.go:303.10,303.67 1 0
github.com/hikobend/corona/main.go:303.67,305.5 1 0
github.com/hikobend/corona/main.go:305.10,307.5 1 0
github.com/hikobend/corona/main.go:320.34,323.16 2 0
github.com/hikobend/corona/main.go:327.2,330.16 3 0
github.com/hikobend/corona/main.go:335.2,342.31 6 0
github.com/hikobend/corona/main.go:379.2,381.35 2 0
github.com/hikobend/corona/main.go:323.16,326.3 2 0
github.com/hikobend/corona/main.go:330.16,333.3 2 0
github.com/hikobend/corona/main.go:342.31,344.25 2 0
github.com/hikobend/corona/main.go:344.25,350.18 4 0
github.com/hikobend/corona/main.go:354.4,355.18 2 0
github.com/hikobend/corona/main.go:360.4,364.61 4 0
github.com/hikobend/corona/main.go:375.4,375.46 1 0
github.com/hikobend/corona/main.go:350.18,353.5 2 0
github.com/hikobend/corona/main.go:355.18,358.5 2 0
github.com/hikobend/corona/main.go:364.61,366.5 1 0
github.com/hikobend/corona/main.go:366.10,366.68 1 0
github.com/hikobend/corona/main.go:366.68,368.5 1 0
github.com/hikobend/corona/main.go:368.10,368.68 1 0
github.com/hikobend/corona/main.go:368.68,370.5 1 0
github.com/hikobend/corona/main.go:370.10,370.67 1 0
github.com/hikobend/corona/main.go:370.67,372.5 1 0
github.com/hikobend/corona/main.go:372.10,374.5 1 0
github.com/hikobend/corona/main.go:388.34,390.16 2 0
github.com/hikobend/corona/main.go:394.2,397.16 3 0
github.com/hikobend/corona/main.go:401.2,412.12 10 0
github.com/hikobend/corona/main.go:420.2,420.12 1 0
github.com/hikobend/corona/main.go:428.2,428.12 1 0
github.com/hikobend/corona/main.go:436.2,436.12 1 0
github.com/hikobend/corona/main.go:444.2,444.12 1 0
github.com/hikobend/corona/main.go:452.2,452.12 1 0
github.com/hikobend/corona/main.go:460.2,460.12 1 0
github.com/hikobend/corona/main.go:468.2,473.35 4 0
github.com/hikobend/corona/main.go:390.16,393.3 2 0
github.com/hikobend/corona/main.go:397.16,400.3 2 0
github.com/hikobend/corona/main.go:412.12,415.17 3 0
github.com/hikobend/corona/main.go:415.17,418.4 2 0
github.com/hikobend/corona/main.go:420.12,423.17 3 0
github.com/hikobend/corona/main.go:423.17,426.4 2 0
github.com/hikobend/corona/main.go:428.12,431.17 3 0
github.com/hikobend/corona/main.go:431.17,434.4 2 0
github.com/hikobend/corona/main.go:436.12,439.17 3 0
github.com/hikobend/corona/main.go:439.17,442.4 2 0
github.com/hikobend/corona/main.go:444.12,447.17 3 0
github.com/hikobend/corona/main.go:447.17,450.4 2 0
github.com/hikobend/corona/main.go:452.12,455.17 3 0
github.com/hikobend/corona/main.go:455.17,458.4 2 0
github.com/hikobend/corona/main.go:460.12,463.17 3 0
github.com/hikobend/corona/main.go:463.17,466.4 2 0
github.com/hikobend/corona/main.go:476.30,478.16 2 0
github.com/hikobend/corona/main.go:482.2,486.16 4 0
github.com/hikobend/corona/main.go:491.2,502.12 10 0
github.com/hikobend/corona/main.go:509.2,509.12 1 0
github.com/hikobend/corona/main.go:516.2,516.12 1 0
github.com/hikobend/corona/main.go:523.2,523.12 1 0
github.com/hikobend/corona/main.go:530.2,530.12 1 0
github.com/hikobend/corona/main.go:537.2,537.12 1 0
github.com/hikobend/corona/main.go:544.2,548.35 3 0
github.com/hikobend/corona/main.go:478.16,481.3 2 0
github.com/hikobend/corona/main.go:486.16,489.3 2 0
github.com/hikobend/corona/main.go:502.12,504.17 2 0
github.com/hikobend/corona/main.go:507.3,507.12 1 0
github.com/hikobend/corona/main.go:504.17,506.4 1 0
github.com/hikobend/corona/main.go:509.12,511.17 2 0
github.com/hikobend/corona/main.go:514.3,514.12 1 0
github.com/hikobend/corona/main.go:511.17,513.4 1 0
github.com/hikobend/corona/main.go:516.12,518.17 2 0
github.com/hikobend/corona/main.go:521.3,521.12 1 0
github.com/hikobend/corona/main.go:518.17,520.4 1 0
github.com/hikobend/corona/main.go:523.12,525.17 2 0
github.com/hikobend/corona/main.go:528.3,528.12 1 0
github.com/hikobend/corona/main.go:525.17,527.4 1 0
github.com/hikobend/corona/main.go:530.12,532.17 2 0
github.com/hikobend/corona/main.go:535.3,535.12 1 0
github.com/hikobend/corona/main.go:532.17,534.4 1 0
github.com/hikobend/corona/main.go:537.12,539.17 2 0
github.com/hikobend/corona/main.go:542.3,542.12 1 0
github.com/hikobend/corona/main.go:539.17,541.4 1 0
github.com/hikobend/corona/main.go:555.35,557.16 2 0
github.com/hikobend/corona/main.go:560.2,566.16 5 0
github.com/hikobend/corona/main.go:569.2,571.18 2 0
github.com/hikobend/corona/main.go:579.2,579.40 1 0
github.com/hikobend/corona/main.go:557.16,559.3 1 0
github.com/hikobend/corona/main.go:566.16,568.3 1 0
github.com/hikobend/corona/main.go:571.18,573.93 2 0
github.com/hikobend/corona/main.go:576.3,576.55 1 0
github.com/hikobend/corona/main.go:573.93,575.4 1 0
github.com/hikobend/corona/main.go:587.34,590.16 2 0
github.com/hikobend/corona/main.go:593.2,599.16 5 0
github.com/hikobend/corona/main.go:603.2,605.18 2 0
github.com/hikobend/corona/main.go:613.2,613.40 1 0
github.com/hikobend/corona/main.go:590.16,592.3 1 0
github.com/hikobend/corona/main.go:599.16,601.3 1 0
github.com/hikobend/corona/main.go:605.18,607.93 2 0
github.com/hikobend/corona/main.go:610.3,610.55 1 0
github.com/hikobend/corona/main.go:607.93,609.4 1 0
github.com/hikobend/corona/main.go:620.29,622.16 2 0
github.com/hikobend/corona/main.go:625.2,630.48 4 0
github.com/hikobend/corona/main.go:636.2,638.16 3 0
github.com/hikobend/corona/main.go:644.2,645.16 2 0
github.com/hikobend/corona/main.go:650.2,650.46 1 0
github.com/hikobend/corona/main.go:654.2,655.16 2 0
github.com/hikobend/corona/main.go:659.2,663.16 3 0
github.com/hikobend/corona/main.go:622.16,624.3 1 0
github.com/hikobend/corona/main.go:630.48,633.3 2 0
github.com/hikobend/corona/main.go:638.16,641.3 2 0
github.com/hikobend/corona/main.go:645.16,648.3 2 0
github.com/hikobend/corona/main.go:650.46,652.3 1 0
github.com/hikobend/corona/main.go:655.16,658.3 2 0
github.com/hikobend/corona/main.go:663.16,665.3 1 0
github.com/hikobend/corona/main.go:668.27,670.16 2 0
github.com/hikobend/corona/main.go:674.2,677.16 3 0
github.com/hikobend/corona/main.go:682.2,684.16 3 0
github.com/hikobend/corona/main.go:693.2,693.29 1 0
github.com/hikobend/corona/main.go:670.16,673.3 2 0
github.com/hikobend/corona/main.go:677.16,680.3 2 0
github.com/hikobend/corona/main.go:684.16,685.27 1 0
github.com/hikobend/corona/main.go:689.3,690.9 2 0
github.com/hikobend/corona/main.go:685.27,688.4 2 0
github.com/hikobend/corona/main.go:696.30,698.16 2 0
github.com/hikobend/corona/main.go:702.2,705.16 3 0
github.com/hikobend/corona/main.go:709.2,712.18 3 0
github.com/hikobend/corona/main.go:721.2,721.31 1 0
github.com/hikobend/corona/main.go:698.16,701.3 2 0
github.com/hikobend/corona/main.go:705.16,708.3 2 0
github.com/hikobend/corona/main.go:712.18,714.91 2 0
github.com/hikobend/corona/main.go:718.3,718.32 1 0
github.com/hikobend/corona/main.go:714.91,717.4 2 0
github.com/hikobend/corona/main.go:724.29,726.16 2 0
github.com/hikobend/corona/main.go:730.2,733.48 3 0
github.com/hikobend/corona/main.go:738.2,739.16 2 0
github.com/hikobend/corona/main.go:744.2,745.16 2 0
github.com/hikobend/corona/main.go:749.2,749.95 1 0
github.com/hikobend/corona/main.go:754.2,754.25 1 0
github.com/hikobend/corona/main.go:726.16,729.3 2 0
github.com/hikobend/corona/main.go:733.48,736.3 2 0
github.com/hikobend/corona/main.go:739.16,742.3 2 0
github.com/hikobend/corona/main.go:745.16,748.3 2 0
github.com/hikobend/corona/main.go:749.95,752.3 2 0
github.com/hikobend/corona/main.go:757.29,759.16 2 0
github.com/hikobend/corona/main.go:763.2,766.16 3 0
github.com/hikobend/corona/main.go:771.2,772.16 2 0
github.com/hikobend/corona/main.go:776.2,776.43 1 0
github.com/hikobend/corona/main.go:781.2,781.25 1 0
github.com/hikobend/corona/main.go:759.16,762.3 2 0
github.com/hikobend/corona/main.go:766.16,769.3 2 0
github.com/hikobend/corona/main.go:772.16,775.3 2 0
github.com/hikobend/corona/main.go:776.43,779.3 2 0
github.com/hikobend/corona/main.go:788.34,790.16 2 0
github.com/hikobend/corona/main.go:793.2,799.16 5 0
github.com/hikobend/corona/main.go:802.2,804.18 2 0
github.com/hikobend/corona/main.go:812.2,812.40 1 0
github.com/hikobend/corona/main.go:790.16,792.3 1 0
github.com/hikobend/corona/main.go:799.16,801.3 1 0
github.com/hikobend/corona/main.go:804.18,806.93 2 0
github.com/hikobend/corona/main.go:809.3,809.55 1 0
github.com/hikobend/corona/main.go:806.93,808.4 1 0
github.com/hikobend/corona/main.go:820.33,822.16 2 0
github.com/hikobend/corona/main.go:825.2,832.16 6 0
github.com/hikobend/corona/main.go:835.2,837.18 2 0
github.com/hikobend/corona/main.go:845.2,845.40 1 0
github.com/hikobend/corona/main.go:822.16,824.3 1 0
github.com/hikobend/corona/main.go:832.16,834.3 1 0
github.com/hikobend/corona/main.go:837.18,839.93 2 0
github.com/hikobend/corona/main.go:842.3,842.55 1 0
github.com/hikobend/corona/main.go:839.93,841.4 1 0
github.com/hikobend/corona/main.go:849.33,851.16 2 0
github.com/hikobend/corona/main.go:854.2,859.16 4 0
github.com/hikobend/corona/main.go:862.2,864.18 2 0
github.com/hikobend/corona/main.go:872.2,872.38 1 0
github.com/hikobend/corona/main.go:851.16,853.3 1 0
github.com/hikobend/corona/main.go:859.16,861.3 1 0
github.com/hikobend/corona/main.go:864.18,866.104 2 0
github.com/hikobend/corona/main.go:869.3,869.49 1 0
github.com/hikobend/corona/main.go:866.104,868.4 1 0
github.com/hikobend/corona/main.go:875.34,877.16 2 0
github.com/hikobend/corona/main.go:880.2,887.16 5 0
github.com/hikobend/corona/main.go:891.2,891.32 1 0
github.com/hikobend/corona/main.go:877.16,879.3 1 0
github.com/hikobend/corona/main.go:887.16,889.3 1 0
github.com/hikobend/corona/main.go:894.33,896.16 2 0
github.com/hikobend/corona/main.go:899.2,905.16 5 0
github.com/hikobend/corona/main.go:908.2,910.18 2 0
github.com/hikobend/corona/main.go:918.2,918.38 1 0
github.com/hikobend/corona/main.go:896.16,898.3 1 0
github.com/hikobend/corona/main.go:905.16,907.3 1 0
github.com/hikobend/corona/main.go:910.18,912.184 2 0
github.com/hikobend/corona/main.go:915.3,915.49 1 0
github.com/hikobend/corona/main.go:912.184,914.4 1 0
github.com/hikobend/corona/main.go:921.34,923.16 2 0
github.com/hikobend/corona/main.go:926.2,929.16 3 0
github.com/hikobend/corona/main.go:934.2,937.37 3 0
github.com/hikobend/corona/main.go:971.2,972.38 2 0
github.com/hikobend/corona/main.go:976.2,976.31 1 0
github.com/hikobend/corona/main.go:923.16,925.3 1 0
github.com/hikobend/corona/main.go:929.16,932.3 2 0
github.com/hikobend/corona/main.go:937.37,938.28 1 0
github.com/hikobend/corona/main.go:938.28,941.18 3 0
github.com/hikobend/corona/main.go:945.4,946.18 2 0
github.com/hikobend/corona/main.go:951.4,954.18 4 0
github.com/hikobend/corona/main.go:965.4,965.118 1 0
github.com/hikobend/corona/main.go:941.18,944.5 2 0
github.com/hikobend/corona/main.go:946.18,949.5 2 0
github.com/hikobend/corona/main.go:954.18,956.5 1 0
github.com/hikobend/corona/main.go:956.10,956.24 1 0
github.com/hikobend/corona/main.go:956.24,958.5 1 0
github.com/hikobend/corona/main.go:958.10,958.24 1 0
github.com/hikobend/corona/main.go:958.24,960.5 1 0
github.com/hikobend/corona/main.go:960.10,960.24 1 0
github.com/hikobend/corona/main.go:960.24,962.5 1 0
github.com/hikobend/corona/main.go:962.10,964.5 1 0
github.com/hikobend/corona/main.go:972.38,974.3 1 0
github.com/hikobend/corona/main.go:979.37,982.2 2 1
github.com/hikobend/corona/main.go:984.29,988.17 4 0
github.com/hikobend/corona/main.go:991.2,996.56 4 0
github.com/hikobend/corona/main.go:1001.2,1002.16 2 0
github.com/hikobend/corona/main.go:1005.2,1008.16 3 0
github.com/hikobend/corona/main.go:1011.2,1013.34 2 0
github.com/hikobend/corona/main.go:1021.2,1021.42 1 0
github.com/hikobend/corona/main.go:988.17,990.3 1 0
github.com/hikobend/corona/main.go:996.56,999.3 2 0
github.com/hikobend/corona/main.go:1002.16,1004.3 1 0
github.com/hikobend/corona/main.go:1008.16,1010.3 1 0
github.com/hikobend/corona/main.go:1013.34,1015.17 2 0
github.com/hikobend/corona/main.go:1018.3,1018.45 1 0
github.com/hikobend/corona/main.go:1015.17,1017.4 1 0
github.com/hikobend/corona/main.go:1024.36,1028.16 3 0
github.com/hikobend/corona/main.go:1031.2,1034.16 3 0
github.com/hikobend/corona/main.go:1038.2,1039.60 2 0
github.com/hikobend/corona/main.go:1043.2,1044.16 2 0
github.com/hikobend/corona/main.go:1047.2,1050.16 3 0
github.com/hikobend/corona/main.go:1053.2,1056.16 3 0
github.com/hikobend/corona/main.go:1060.2,1062.28 2 0
github.com/hikobend/corona/main.go:1070.2,1072.42 2 0
github.com/hikobend/corona/main.go:1028.16,1029.13 1 0
github.com/hikobend/corona/main.go:1034.16,1035.13 1 0
github.com/hikobend/corona/main.go:1039.60,1040.13 1 0
github.com/hikobend/corona/main.go:1044.16,1045.13 1 0
github.com/hikobend/corona/main.go:1050.16,1052.3 1 0
github.com/hikobend/corona/main.go:1056.16,1059.3 2 0
github.com/hikobend/corona/main.go:1062.28,1064.17 2 0
github.com/hikobend/corona/main.go:1064.17,1067.4 2 0
