mode: set
github.com/hikobend/corona/main.go:105.13,152.2 23 1
github.com/hikobend/corona/main.go:154.42,155.30 1 1
github.com/hikobend/corona/main.go:155.30,162.3 6 1
github.com/hikobend/corona/main.go:165.38,167.16 2 1
github.com/hikobend/corona/main.go:171.2,174.16 3 1
github.com/hikobend/corona/main.go:179.2,181.16 3 1
github.com/hikobend/corona/main.go:187.2,190.4 1 1
github.com/hikobend/corona/main.go:167.16,170.3 2 0
github.com/hikobend/corona/main.go:174.16,177.3 2 0
github.com/hikobend/corona/main.go:181.16,184.3 2 0
github.com/hikobend/corona/main.go:197.33,200.16 2 1
github.com/hikobend/corona/main.go:204.2,207.16 3 1
github.com/hikobend/corona/main.go:212.2,219.31 6 1
github.com/hikobend/corona/main.go:252.2,254.35 2 1
github.com/hikobend/corona/main.go:200.16,203.3 2 0
github.com/hikobend/corona/main.go:207.16,210.3 2 0
github.com/hikobend/corona/main.go:219.31,221.25 2 1
github.com/hikobend/corona/main.go:221.25,227.18 4 1
github.com/hikobend/corona/main.go:231.4,232.18 2 1
github.com/hikobend/corona/main.go:237.4,238.18 2 1
github.com/hikobend/corona/main.go:249.4,249.46 1 1
github.com/hikobend/corona/main.go:227.18,230.5 2 1
github.com/hikobend/corona/main.go:232.18,235.5 2 0
github.com/hikobend/corona/main.go:238.18,240.5 1 0
github.com/hikobend/corona/main.go:240.10,240.25 1 1
github.com/hikobend/corona/main.go:240.25,242.5 1 0
github.com/hikobend/corona/main.go:242.10,242.25 1 1
github.com/hikobend/corona/main.go:242.25,244.5 1 0
github.com/hikobend/corona/main.go:244.10,244.24 1 1
github.com/hikobend/corona/main.go:244.24,246.5 1 1
github.com/hikobend/corona/main.go:246.10,248.5 1 1
github.com/hikobend/corona/main.go:261.34,264.16 2 0
github.com/hikobend/corona/main.go:268.2,271.16 3 0
github.com/hikobend/corona/main.go:276.2,283.31 6 0
github.com/hikobend/corona/main.go:321.2,323.35 2 0
github.com/hikobend/corona/main.go:264.16,267.3 2 0
github.com/hikobend/corona/main.go:271.16,274.3 2 0
github.com/hikobend/corona/main.go:283.31,285.25 2 0
github.com/hikobend/corona/main.go:285.25,291.18 4 0
github.com/hikobend/corona/main.go:295.4,296.18 2 0
github.com/hikobend/corona/main.go:301.4,306.18 5 0
github.com/hikobend/corona/main.go:317.4,317.46 1 0
github.com/hikobend/corona/main.go:291.18,294.5 2 0
github.com/hikobend/corona/main.go:296.18,299.5 2 0
github.com/hikobend/corona/main.go:306.18,308.5 1 0
github.com/hikobend/corona/main.go:308.10,308.25 1 0
github.com/hikobend/corona/main.go:308.25,310.5 1 0
github.com/hikobend/corona/main.go:310.10,310.25 1 0
github.com/hikobend/corona/main.go:310.25,312.5 1 0
github.com/hikobend/corona/main.go:312.10,312.24 1 0
github.com/hikobend/corona/main.go:312.24,314.5 1 0
github.com/hikobend/corona/main.go:314.10,316.5 1 0
github.com/hikobend/corona/main.go:330.34,332.16 2 0
github.com/hikobend/corona/main.go:336.2,339.16 3 0
github.com/hikobend/corona/main.go:343.2,357.37 5 0
github.com/hikobend/corona/main.go:371.2,372.35 2 0
github.com/hikobend/corona/main.go:332.16,335.3 2 0
github.com/hikobend/corona/main.go:339.16,342.3 2 0
github.com/hikobend/corona/main.go:357.37,359.31 2 0
github.com/hikobend/corona/main.go:359.31,363.18 4 0
github.com/hikobend/corona/main.go:367.4,367.46 1 0
github.com/hikobend/corona/main.go:363.18,366.5 2 0
github.com/hikobend/corona/main.go:375.30,377.16 2 0
github.com/hikobend/corona/main.go:381.2,385.16 4 0
github.com/hikobend/corona/main.go:390.2,401.12 10 0
github.com/hikobend/corona/main.go:408.2,408.12 1 0
github.com/hikobend/corona/main.go:415.2,415.12 1 0
github.com/hikobend/corona/main.go:422.2,422.12 1 0
github.com/hikobend/corona/main.go:429.2,429.12 1 0
github.com/hikobend/corona/main.go:436.2,436.12 1 0
github.com/hikobend/corona/main.go:443.2,447.35 3 0
github.com/hikobend/corona/main.go:377.16,380.3 2 0
github.com/hikobend/corona/main.go:385.16,388.3 2 0
github.com/hikobend/corona/main.go:401.12,403.17 2 0
github.com/hikobend/corona/main.go:406.3,406.12 1 0
github.com/hikobend/corona/main.go:403.17,405.4 1 0
github.com/hikobend/corona/main.go:408.12,410.17 2 0
github.com/hikobend/corona/main.go:413.3,413.12 1 0
github.com/hikobend/corona/main.go:410.17,412.4 1 0
github.com/hikobend/corona/main.go:415.12,417.17 2 0
github.com/hikobend/corona/main.go:420.3,420.12 1 0
github.com/hikobend/corona/main.go:417.17,419.4 1 0
github.com/hikobend/corona/main.go:422.12,424.17 2 0
github.com/hikobend/corona/main.go:427.3,427.12 1 0
github.com/hikobend/corona/main.go:424.17,426.4 1 0
github.com/hikobend/corona/main.go:429.12,431.17 2 0
github.com/hikobend/corona/main.go:434.3,434.12 1 0
github.com/hikobend/corona/main.go:431.17,433.4 1 0
github.com/hikobend/corona/main.go:436.12,438.17 2 0
github.com/hikobend/corona/main.go:441.3,441.12 1 0
github.com/hikobend/corona/main.go:438.17,440.4 1 0
github.com/hikobend/corona/main.go:454.35,456.16 2 1
github.com/hikobend/corona/main.go:459.2,465.16 5 1
github.com/hikobend/corona/main.go:468.2,470.18 2 1
github.com/hikobend/corona/main.go:478.2,478.40 1 1
github.com/hikobend/corona/main.go:456.16,458.3 1 0
github.com/hikobend/corona/main.go:465.16,467.3 1 0
github.com/hikobend/corona/main.go:470.18,472.93 2 0
github.com/hikobend/corona/main.go:475.3,475.55 1 0
github.com/hikobend/corona/main.go:472.93,474.4 1 0
github.com/hikobend/corona/main.go:486.34,489.16 2 1
github.com/hikobend/corona/main.go:492.2,498.16 5 1
github.com/hikobend/corona/main.go:502.2,504.18 2 1
github.com/hikobend/corona/main.go:512.2,512.40 1 1
github.com/hikobend/corona/main.go:489.16,491.3 1 0
github.com/hikobend/corona/main.go:498.16,500.3 1 0
github.com/hikobend/corona/main.go:504.18,506.93 2 0
github.com/hikobend/corona/main.go:509.3,509.55 1 0
github.com/hikobend/corona/main.go:506.93,508.4 1 0
github.com/hikobend/corona/main.go:519.29,521.16 2 1
github.com/hikobend/corona/main.go:524.2,529.48 4 1
github.com/hikobend/corona/main.go:535.2,537.16 3 1
github.com/hikobend/corona/main.go:543.2,544.16 2 1
github.com/hikobend/corona/main.go:549.2,549.46 1 1
github.com/hikobend/corona/main.go:553.2,554.16 2 1
github.com/hikobend/corona/main.go:558.2,562.16 3 1
github.com/hikobend/corona/main.go:521.16,523.3 1 0
github.com/hikobend/corona/main.go:529.48,532.3 2 0
github.com/hikobend/corona/main.go:537.16,540.3 2 0
github.com/hikobend/corona/main.go:544.16,547.3 2 0
github.com/hikobend/corona/main.go:549.46,551.3 1 0
github.com/hikobend/corona/main.go:554.16,557.3 2 0
github.com/hikobend/corona/main.go:562.16,564.3 1 0
github.com/hikobend/corona/main.go:567.27,569.16 2 1
github.com/hikobend/corona/main.go:573.2,576.16 3 1
github.com/hikobend/corona/main.go:581.2,583.16 3 1
github.com/hikobend/corona/main.go:592.2,592.29 1 0
github.com/hikobend/corona/main.go:569.16,572.3 2 0
github.com/hikobend/corona/main.go:576.16,579.3 2 1
github.com/hikobend/corona/main.go:583.16,584.27 1 1
github.com/hikobend/corona/main.go:588.3,589.9 2 0
github.com/hikobend/corona/main.go:584.27,587.4 2 1
github.com/hikobend/corona/main.go:595.30,597.16 2 1
github.com/hikobend/corona/main.go:601.2,604.16 3 1
github.com/hikobend/corona/main.go:608.2,611.18 3 1
github.com/hikobend/corona/main.go:620.2,620.31 1 1
github.com/hikobend/corona/main.go:597.16,600.3 2 0
github.com/hikobend/corona/main.go:604.16,607.3 2 0
github.com/hikobend/corona/main.go:611.18,613.91 2 1
github.com/hikobend/corona/main.go:617.3,617.32 1 1
github.com/hikobend/corona/main.go:613.91,616.4 2 0
github.com/hikobend/corona/main.go:623.29,625.16 2 1
github.com/hikobend/corona/main.go:629.2,632.48 3 1
github.com/hikobend/corona/main.go:637.2,638.16 2 1
github.com/hikobend/corona/main.go:643.2,644.16 2 1
github.com/hikobend/corona/main.go:648.2,648.95 1 1
github.com/hikobend/corona/main.go:653.2,653.25 1 1
github.com/hikobend/corona/main.go:625.16,628.3 2 0
github.com/hikobend/corona/main.go:632.48,635.3 2 0
github.com/hikobend/corona/main.go:638.16,641.3 2 0
github.com/hikobend/corona/main.go:644.16,647.3 2 0
github.com/hikobend/corona/main.go:648.95,651.3 2 0
github.com/hikobend/corona/main.go:656.29,658.16 2 1
github.com/hikobend/corona/main.go:662.2,665.16 3 1
github.com/hikobend/corona/main.go:670.2,671.16 2 1
github.com/hikobend/corona/main.go:675.2,675.43 1 1
github.com/hikobend/corona/main.go:680.2,680.25 1 1
github.com/hikobend/corona/main.go:658.16,661.3 2 0
github.com/hikobend/corona/main.go:665.16,668.3 2 0
github.com/hikobend/corona/main.go:671.16,674.3 2 0
github.com/hikobend/corona/main.go:675.43,678.3 2 0
github.com/hikobend/corona/main.go:687.34,689.16 2 1
github.com/hikobend/corona/main.go:692.2,698.16 5 1
github.com/hikobend/corona/main.go:701.2,703.18 2 1
github.com/hikobend/corona/main.go:711.2,711.40 1 1
github.com/hikobend/corona/main.go:689.16,691.3 1 0
github.com/hikobend/corona/main.go:698.16,700.3 1 0
github.com/hikobend/corona/main.go:703.18,705.93 2 1
github.com/hikobend/corona/main.go:708.3,708.55 1 1
github.com/hikobend/corona/main.go:705.93,707.4 1 0
github.com/hikobend/corona/main.go:719.33,721.16 2 1
github.com/hikobend/corona/main.go:724.2,731.16 6 1
github.com/hikobend/corona/main.go:734.2,736.18 2 1
github.com/hikobend/corona/main.go:744.2,744.40 1 1
github.com/hikobend/corona/main.go:721.16,723.3 1 0
github.com/hikobend/corona/main.go:731.16,733.3 1 0
github.com/hikobend/corona/main.go:736.18,738.93 2 1
github.com/hikobend/corona/main.go:741.3,741.55 1 1
github.com/hikobend/corona/main.go:738.93,740.4 1 0
github.com/hikobend/corona/main.go:748.33,750.16 2 1
github.com/hikobend/corona/main.go:753.2,758.16 4 1
github.com/hikobend/corona/main.go:761.2,763.18 2 1
github.com/hikobend/corona/main.go:771.2,771.38 1 1
github.com/hikobend/corona/main.go:750.16,752.3 1 0
github.com/hikobend/corona/main.go:758.16,760.3 1 0
github.com/hikobend/corona/main.go:763.18,765.104 2 0
github.com/hikobend/corona/main.go:768.3,768.49 1 0
github.com/hikobend/corona/main.go:765.104,767.4 1 0
github.com/hikobend/corona/main.go:774.34,776.16 2 1
github.com/hikobend/corona/main.go:779.2,786.16 5 1
github.com/hikobend/corona/main.go:790.2,790.32 1 1
github.com/hikobend/corona/main.go:776.16,778.3 1 0
github.com/hikobend/corona/main.go:786.16,788.3 1 0
github.com/hikobend/corona/main.go:793.33,795.16 2 1
github.com/hikobend/corona/main.go:798.2,804.16 5 1
github.com/hikobend/corona/main.go:807.2,809.18 2 1
github.com/hikobend/corona/main.go:817.2,817.38 1 1
github.com/hikobend/corona/main.go:795.16,797.3 1 0
github.com/hikobend/corona/main.go:804.16,806.3 1 0
github.com/hikobend/corona/main.go:809.18,811.184 2 0
github.com/hikobend/corona/main.go:814.3,814.49 1 0
github.com/hikobend/corona/main.go:811.184,813.4 1 0
github.com/hikobend/corona/main.go:820.34,822.16 2 0
github.com/hikobend/corona/main.go:825.2,828.16 3 0
github.com/hikobend/corona/main.go:833.2,836.37 3 0
github.com/hikobend/corona/main.go:870.2,871.38 2 0
github.com/hikobend/corona/main.go:875.2,875.31 1 0
github.com/hikobend/corona/main.go:822.16,824.3 1 0
github.com/hikobend/corona/main.go:828.16,831.3 2 0
github.com/hikobend/corona/main.go:836.37,837.28 1 0
github.com/hikobend/corona/main.go:837.28,840.18 3 0
github.com/hikobend/corona/main.go:844.4,845.18 2 0
github.com/hikobend/corona/main.go:850.4,853.18 4 0
github.com/hikobend/corona/main.go:864.4,864.118 1 0
github.com/hikobend/corona/main.go:840.18,843.5 2 0
github.com/hikobend/corona/main.go:845.18,848.5 2 0
github.com/hikobend/corona/main.go:853.18,855.5 1 0
github.com/hikobend/corona/main.go:855.10,855.24 1 0
github.com/hikobend/corona/main.go:855.24,857.5 1 0
github.com/hikobend/corona/main.go:857.10,857.24 1 0
github.com/hikobend/corona/main.go:857.24,859.5 1 0
github.com/hikobend/corona/main.go:859.10,859.24 1 0
github.com/hikobend/corona/main.go:859.24,861.5 1 0
github.com/hikobend/corona/main.go:861.10,863.5 1 0
github.com/hikobend/corona/main.go:871.38,873.3 1 0
github.com/hikobend/corona/main.go:878.37,881.2 2 1
github.com/hikobend/corona/main.go:883.29,887.17 4 0
github.com/hikobend/corona/main.go:890.2,895.56 4 0
github.com/hikobend/corona/main.go:901.2,902.16 2 0
github.com/hikobend/corona/main.go:905.2,908.16 3 0
github.com/hikobend/corona/main.go:911.2,913.34 2 0
github.com/hikobend/corona/main.go:921.2,921.42 1 0
github.com/hikobend/corona/main.go:887.17,889.3 1 0
github.com/hikobend/corona/main.go:895.56,898.3 2 0
github.com/hikobend/corona/main.go:902.16,904.3 1 0
github.com/hikobend/corona/main.go:908.16,910.3 1 0
github.com/hikobend/corona/main.go:913.34,915.17 2 0
github.com/hikobend/corona/main.go:918.3,918.45 1 0
github.com/hikobend/corona/main.go:915.17,917.4 1 0
github.com/hikobend/corona/main.go:924.36,928.16 3 0
github.com/hikobend/corona/main.go:931.2,934.16 3 0
github.com/hikobend/corona/main.go:938.2,939.60 2 0
github.com/hikobend/corona/main.go:943.2,944.16 2 0
github.com/hikobend/corona/main.go:947.2,950.16 3 0
github.com/hikobend/corona/main.go:953.2,956.16 3 0
github.com/hikobend/corona/main.go:960.2,962.28 2 0
github.com/hikobend/corona/main.go:970.2,972.42 2 0
github.com/hikobend/corona/main.go:928.16,929.13 1 0
github.com/hikobend/corona/main.go:934.16,935.13 1 0
github.com/hikobend/corona/main.go:939.60,940.13 1 0
github.com/hikobend/corona/main.go:944.16,945.13 1 0
github.com/hikobend/corona/main.go:950.16,952.3 1 0
github.com/hikobend/corona/main.go:956.16,959.3 2 0
github.com/hikobend/corona/main.go:962.28,964.17 2 0
github.com/hikobend/corona/main.go:964.17,967.4 2 0
